<?xml version="1.0" encoding="UTF-8"?>
<testng-results ignored="0" total="1" passed="1" failed="0" skipped="0">
  <reporter-output>
  </reporter-output>
  <suite started-at="2020-12-02T22:19:00Z" name="Default suite" finished-at="2020-12-02T22:19:07Z" duration-ms="6196">
    <groups>
      <group name="cucumber">
        <method signature="AbstractTestNGCucumberTests.feature(cucumber.api.testng.CucumberFeatureWrapper)[pri:0, instance:com.nexttech.testrunner.TestNGTestrunner$TestRunner@6e01f9b0]" name="feature" class="cucumber.api.testng.AbstractTestNGCucumberTests"/>
      </group> <!-- cucumber -->
    </groups>
    <test started-at="2020-12-02T22:19:00Z" name="Default test" finished-at="2020-12-02T22:19:07Z" duration-ms="6196">
      <class name="com.nexttech.testrunner.TestNGTestrunner$TestRunner">
        <test-method is-config="true" signature="setUpClass()[pri:0, instance:com.nexttech.testrunner.TestNGTestrunner$TestRunner@6e01f9b0]" started-at="2020-12-02T16:19:00Z" name="setUpClass" finished-at="2020-12-02T16:19:01Z" duration-ms="125" status="PASS">
          <reporter-output>
          </reporter-output>
        </test-method> <!-- setUpClass -->
        <test-method signature="feature(cucumber.api.testng.CucumberFeatureWrapper)[pri:0, instance:com.nexttech.testrunner.TestNGTestrunner$TestRunner@6e01f9b0]" started-at="2020-12-02T16:19:01Z" name="feature" description="Runs Cucumber Feature" data-provider="features" finished-at="2020-12-02T16:19:07Z" duration-ms="5960" status="PASS">
          <params>
            <param index="0">
              <value>
                <![CDATA[User want to sigin  from facebook]]>
              </value>
            </param>
          </params>
          <reporter-output>
          </reporter-output>
        </test-method> <!-- feature -->
        <test-method is-config="true" signature="tearDownClass()[pri:0, instance:com.nexttech.testrunner.TestNGTestrunner$TestRunner@6e01f9b0]" started-at="2020-12-02T16:19:07Z" name="tearDownClass" finished-at="2020-12-02T16:19:07Z" duration-ms="6" status="PASS">
          <reporter-output>
          </reporter-output>
        </test-method> <!-- tearDownClass -->
      </class> <!-- com.nexttech.testrunner.TestNGTestrunner$TestRunner -->
    </test> <!-- Default test -->
  </suite> <!-- Default suite -->
</testng-results>
